<?xml version="1.0" encoding="UTF-8"?>
<!-- Generated by org.testng.reporters.JUnitXMLReporter -->
<testsuite ignored="0" hostname="LAPTOP-98L0NV9D" failures="0" tests="2" name="Chrome Test" time="37.232" errors="0" timestamp="2026-01-04T07:58:30 IST">
  <testcase classname="com.crm.testscripts.CreateEmployeeTest" name="addEmployeeFromEmployeeTab" time="11.188"/>
  <testcase classname="com.crm.testscripts.CreateEmployeeTest" name="addEmployeeUsingAddButton" time="11.3"/>
</testsuite> <!-- Chrome Test -->
