<?xml version="1.0" encoding="UTF-8"?>
<!-- Generated by org.testng.reporters.JUnitXMLReporter -->
<testsuite ignored="0" hostname="LAPTOP-98L0NV9D" failures="0" tests="2" name="Edge Test" time="41.826" errors="0" timestamp="2026-01-04T07:49:53 IST">
  <testcase classname="com.crm.testscripts.CreateEmployeeTest" name="addEmployeeFromEmployeeTab" time="11.903"/>
  <testcase classname="com.crm.testscripts.CreateEmployeeTest" name="addEmployeeUsingAddButton" time="9.512"/>
</testsuite> <!-- Edge Test -->
