<?xml version="1.0" encoding="UTF-8"?>
<!-- Generated by org.testng.reporters.JUnitXMLReporter -->
<testsuite ignored="1" hostname="LAPTOP-98L0NV9D" failures="0" tests="1" name="Default test" time="20.173" errors="0" timestamp="2026-01-03T12:23:05 IST">
  <testcase classname="com.crm.testscripts.CreateEmployeeTest" name="addEmployeeUsingAddButton" time="11.579"/>
  <testcase classname="com.crm.testscripts.CreateEmployeeTest" name="addEmployeeFromEmployeeTab" time="0.0">
    <ignored/>
  </testcase> <!-- addEmployeeFromEmployeeTab -->
</testsuite> <!-- Default test -->
