<?xml version="1.0" encoding="UTF-8"?>
<!-- Generated by org.testng.reporters.JUnitXMLReporter -->
<testsuite ignored="1" hostname="LAPTOP-98L0NV9D" failures="0" tests="1" name="Default test" time="18.968" errors="0" timestamp="2026-01-03T11:25:32 IST">
  <testcase classname="com.crm.testscripts.CreateEmployeeTest" name="addEmployeeUsingAddButton" time="10.651"/>
  <testcase classname="com.crm.testscripts.CreateEmployeeTest" name="addEmployeeFromEmployeeTab" time="0.0">
    <ignored/>
  </testcase> <!-- addEmployeeFromEmployeeTab -->
</testsuite> <!-- Default test -->
