<?xml version="1.0" encoding="UTF-8"?>
<!-- Generated by org.testng.reporters.JUnitXMLReporter -->
<testsuite ignored="0" hostname="LAPTOP-98L0NV9D" failures="0" tests="2" name="Create Employee Test" time="35.907" errors="0" timestamp="2026-01-03T12:57:04 IST">
  <testcase classname="com.crm.testscripts.CreateEmployeeTest" name="addEmployeeFromEmployeeTab" time="12.123"/>
  <testcase classname="com.crm.testscripts.CreateEmployeeTest" name="addEmployeeUsingAddButton" time="11.329"/>
</testsuite> <!-- Create Employee Test -->
