<?xml version="1.0" encoding="UTF-8"?>
<!-- Generated by org.testng.reporters.JUnitXMLReporter -->
<testsuite ignored="0" hostname="LAPTOP-98L0NV9D" failures="0" tests="2" name="Create Employee Test" time="42.296" errors="0" timestamp="2026-01-03T12:31:51 IST">
  <testcase classname="com.crm.testscripts.CreateEmployeeTest" name="addEmployeeFromEmployeeTab" time="17.341"/>
  <testcase classname="com.crm.testscripts.CreateEmployeeTest" name="addEmployeeUsingAddButton" time="10.854"/>
</testsuite> <!-- Create Employee Test -->
