<?xml version="1.0" encoding="UTF-8"?>
<testng-results ignored="0" total="2" passed="2" failed="0" skipped="0">
  <reporter-output>
  </reporter-output>
  <suite started-at="2026-01-04T08:26:39 IST" name="OrangeHRM Smoke Suite" finished-at="2026-01-04T08:27:24 IST" duration-ms="45307">
    <groups>
      <group name="smoke">
        <method signature="CreateEmployeeTest.addEmployeeUsingAddButton()[pri:1, instance:com.crm.testscripts.CreateEmployeeTest@4d1c00d0]" name="addEmployeeUsingAddButton" class="com.crm.testscripts.CreateEmployeeTest"/>
      </group> <!-- smoke -->
    </groups>
    <test started-at="2026-01-04T08:26:39 IST" name="Smoke Test" finished-at="2026-01-04T08:27:24 IST" duration-ms="45307">
      <class name="com.crm.testscripts.CreateEmployeeTest">
        <test-method is-config="true" signature="launchBrowser(java.lang.String)[pri:0, instance:com.crm.testscripts.CreateEmployeeTest@4d1c00d0]" started-at="2026-01-04T08:26:39 IST" name="launchBrowser" finished-at="2026-01-04T08:26:54 IST" duration-ms="14608" status="PASS">
          <params>
            <param index="0">
              <value>
                <![CDATA[chrome]]>
              </value>
            </param>
          </params>
          <reporter-output>
          </reporter-output>
        </test-method> <!-- launchBrowser -->
        <test-method is-config="true" signature="login()[pri:0, instance:com.crm.testscripts.CreateEmployeeTest@4d1c00d0]" started-at="2026-01-04T08:26:54 IST" name="login" finished-at="2026-01-04T08:26:55 IST" duration-ms="1399" status="PASS">
          <reporter-output>
          </reporter-output>
        </test-method> <!-- login -->
        <test-method signature="addEmployeeUsingAddButton()[pri:1, instance:com.crm.testscripts.CreateEmployeeTest@4d1c00d0]" started-at="2026-01-04T08:26:55 IST" name="addEmployeeUsingAddButton" finished-at="2026-01-04T08:27:07 IST" duration-ms="11973" status="PASS">
          <reporter-output>
          </reporter-output>
        </test-method> <!-- addEmployeeUsingAddButton -->
        <test-method is-config="true" signature="logoutFromApp()[pri:0, instance:com.crm.testscripts.CreateEmployeeTest@4d1c00d0]" started-at="2026-01-04T08:27:07 IST" name="logoutFromApp" finished-at="2026-01-04T08:27:09 IST" duration-ms="1705" status="PASS">
          <reporter-output>
          </reporter-output>
        </test-method> <!-- logoutFromApp -->
        <test-method is-config="true" signature="login()[pri:0, instance:com.crm.testscripts.CreateEmployeeTest@4d1c00d0]" started-at="2026-01-04T08:27:09 IST" name="login" finished-at="2026-01-04T08:27:10 IST" duration-ms="1010" status="PASS">
          <reporter-output>
          </reporter-output>
        </test-method> <!-- login -->
        <test-method signature="addEmployeeUsingAddButton()[pri:1, instance:com.crm.testscripts.CreateEmployeeTest@4d1c00d0]" started-at="2026-01-04T08:27:10 IST" name="addEmployeeUsingAddButton" finished-at="2026-01-04T08:27:22 IST" duration-ms="12085" status="PASS">
          <reporter-output>
          </reporter-output>
        </test-method> <!-- addEmployeeUsingAddButton -->
        <test-method is-config="true" signature="logoutFromApp()[pri:0, instance:com.crm.testscripts.CreateEmployeeTest@4d1c00d0]" started-at="2026-01-04T08:27:22 IST" name="logoutFromApp" finished-at="2026-01-04T08:27:24 IST" duration-ms="1481" status="PASS">
          <reporter-output>
          </reporter-output>
        </test-method> <!-- logoutFromApp -->
        <test-method is-config="true" signature="closeBrowser()[pri:0, instance:com.crm.testscripts.CreateEmployeeTest@4d1c00d0]" started-at="2026-01-04T08:27:24 IST" name="closeBrowser" finished-at="2026-01-04T08:27:24 IST" duration-ms="545" status="PASS">
          <reporter-output>
          </reporter-output>
        </test-method> <!-- closeBrowser -->
      </class> <!-- com.crm.testscripts.CreateEmployeeTest -->
    </test> <!-- Smoke Test -->
  </suite> <!-- OrangeHRM Smoke Suite -->
</testng-results>
