<?xml version="1.0" encoding="UTF-8"?>
<testng-results ignored="0" total="2" passed="2" failed="0" skipped="0">
  <reporter-output>
  </reporter-output>
  <suite started-at="2026-01-03T12:31:09 IST" name="OrangeHRM Suite" finished-at="2026-01-03T12:31:51 IST" duration-ms="42296">
    <groups>
    </groups>
    <test started-at="2026-01-03T12:31:09 IST" name="Create Employee Test" finished-at="2026-01-03T12:31:51 IST" duration-ms="42296">
      <class name="com.crm.testscripts.CreateEmployeeTest">
        <test-method is-config="true" signature="launchBrowser()[pri:0, instance:com.crm.testscripts.CreateEmployeeTest@1165b38]" started-at="2026-01-03T12:31:09 IST" name="launchBrowser" finished-at="2026-01-03T12:31:18 IST" duration-ms="8764" status="PASS">
          <reporter-output>
          </reporter-output>
        </test-method> <!-- launchBrowser -->
        <test-method is-config="true" signature="login()[pri:0, instance:com.crm.testscripts.CreateEmployeeTest@1165b38]" started-at="2026-01-03T12:31:18 IST" name="login" finished-at="2026-01-03T12:31:19 IST" duration-ms="1177" status="PASS">
          <reporter-output>
          </reporter-output>
        </test-method> <!-- login -->
        <test-method signature="addEmployeeFromEmployeeTab()[pri:0, instance:com.crm.testscripts.CreateEmployeeTest@1165b38]" started-at="2026-01-03T12:31:19 IST" name="addEmployeeFromEmployeeTab" finished-at="2026-01-03T12:31:37 IST" duration-ms="17341" status="PASS">
          <reporter-output>
          </reporter-output>
        </test-method> <!-- addEmployeeFromEmployeeTab -->
        <test-method is-config="true" signature="logoutFromApp()[pri:0, instance:com.crm.testscripts.CreateEmployeeTest@1165b38]" started-at="2026-01-03T12:31:37 IST" name="logoutFromApp" finished-at="2026-01-03T12:31:38 IST" duration-ms="1504" status="PASS">
          <reporter-output>
          </reporter-output>
        </test-method> <!-- logoutFromApp -->
        <test-method is-config="true" signature="login()[pri:0, instance:com.crm.testscripts.CreateEmployeeTest@1165b38]" started-at="2026-01-03T12:31:38 IST" name="login" finished-at="2026-01-03T12:31:39 IST" duration-ms="876" status="PASS">
          <reporter-output>
          </reporter-output>
        </test-method> <!-- login -->
        <test-method signature="addEmployeeUsingAddButton()[pri:0, instance:com.crm.testscripts.CreateEmployeeTest@1165b38]" started-at="2026-01-03T12:31:39 IST" name="addEmployeeUsingAddButton" finished-at="2026-01-03T12:31:50 IST" duration-ms="10854" status="PASS">
          <reporter-output>
          </reporter-output>
        </test-method> <!-- addEmployeeUsingAddButton -->
        <test-method is-config="true" signature="logoutFromApp()[pri:0, instance:com.crm.testscripts.CreateEmployeeTest@1165b38]" started-at="2026-01-03T12:31:50 IST" name="logoutFromApp" finished-at="2026-01-03T12:31:51 IST" duration-ms="1424" status="PASS">
          <reporter-output>
          </reporter-output>
        </test-method> <!-- logoutFromApp -->
        <test-method is-config="true" signature="closeBrowser()[pri:0, instance:com.crm.testscripts.CreateEmployeeTest@1165b38]" started-at="2026-01-03T12:31:51 IST" name="closeBrowser" finished-at="2026-01-03T12:31:51 IST" duration-ms="292" status="PASS">
          <reporter-output>
          </reporter-output>
        </test-method> <!-- closeBrowser -->
      </class> <!-- com.crm.testscripts.CreateEmployeeTest -->
    </test> <!-- Create Employee Test -->
  </suite> <!-- OrangeHRM Suite -->
</testng-results>
