<?xml version="1.0" encoding="UTF-8"?>
<!-- Generated by org.testng.reporters.JUnitReportReporter -->
<testsuite hostname="LAPTOP-98L0NV9D" failures="0" tests="2" name="com.crm.testscripts.CreateEmployeeTest" time="28.125" errors="0" timestamp="2026-01-04T07:58:31 IST" skipped="0">
  <testcase classname="com.crm.testscripts.CreateEmployeeTest" name="addEmployeeUsingAddButton" time="14.099"/>
  <testcase classname="com.crm.testscripts.CreateEmployeeTest" name="addEmployeeFromEmployeeTab" time="14.026"/>
</testsuite> <!-- com.crm.testscripts.CreateEmployeeTest -->
