<?xml version="1.0" encoding="UTF-8"?>
<!-- Generated by org.testng.reporters.JUnitReportReporter -->
<testsuite hostname="LAPTOP-98L0NV9D" failures="0" tests="2" name="com.crm.testscripts.CreateEmployeeTest" time="33.176" errors="0" timestamp="2026-01-03T12:31:52 IST" skipped="0">
  <testcase classname="com.crm.testscripts.CreateEmployeeTest" name="addEmployeeFromEmployeeTab" time="19.641"/>
  <testcase classname="com.crm.testscripts.CreateEmployeeTest" name="addEmployeeUsingAddButton" time="13.535"/>
</testsuite> <!-- com.crm.testscripts.CreateEmployeeTest -->
